<?xml version="1.0" encoding="UTF-8"?>
<!-- Generated by org.testng.reporters.JUnitReportReporter -->
<testsuite hostname="Ebrahim" failures="0" tests="1" name="tests.LoginTest" time="2.217" errors="0" timestamp="2024-12-07T11:23:21 EST" skipped="0">
  <testcase classname="tests.LoginTest" name="testLogin" time="2.217"/>
</testsuite> <!-- tests.LoginTest -->
