<?xml version="1.0" encoding="UTF-8"?>
<!-- Generated by org.testng.reporters.JUnitReportReporter -->
<testsuite hostname="DESKTOP-NPTB8M9" failures="0" tests="1" name="tests.LoginTest" time="3.513" errors="0" timestamp="2024-12-09T11:43:55 BDT" skipped="0">
  <testcase classname="tests.LoginTest" name="testLogin" time="3.513"/>
</testsuite> <!-- tests.LoginTest -->
